<?xml version="1.0" encoding="UTF-8"?>
<testng-results skipped="0" failed="0" total="1" passed="1">
  <reporter-output>
  </reporter-output>
  <suite name="Suite" duration-ms="10787" started-at="2017-07-07T02:27:30Z" finished-at="2017-07-07T02:27:41Z">
    <groups>
      <group name="alert">
        <method signature="AlertHandle.test005_alert()[pri:0, instance:com.selenium.tests.AlertHandle@7403c468]" name="test005_alert" class="com.selenium.tests.AlertHandle"/>
      </group> <!-- alert -->
      <group name="smoke">
        <method signature="AlertHandle.test005_alert()[pri:0, instance:com.selenium.tests.AlertHandle@7403c468]" name="test005_alert" class="com.selenium.tests.AlertHandle"/>
      </group> <!-- smoke -->
    </groups>
    <test name="Test" duration-ms="10787" started-at="2017-07-07T02:27:30Z" finished-at="2017-07-07T02:27:41Z">
      <class name="com.selenium.tests.AlertHandle">
        <test-method status="PASS" signature="beforeMethod(java.lang.String)[pri:0, instance:com.selenium.tests.AlertHandle@7403c468]" name="beforeMethod" is-config="true" duration-ms="8604" started-at="2017-07-07T07:57:30Z" finished-at="2017-07-07T07:57:39Z">
          <params>
            <param index="0">
              <value>
                <![CDATA[firefox]]>
              </value>
            </param>
          </params>
          <reporter-output>
          </reporter-output>
        </test-method> <!-- beforeMethod -->
        <test-method status="PASS" signature="test005_alert()[pri:0, instance:com.selenium.tests.AlertHandle@7403c468]" name="test005_alert" duration-ms="970" started-at="2017-07-07T07:57:39Z" finished-at="2017-07-07T07:57:40Z">
          <reporter-output>
          </reporter-output>
        </test-method> <!-- test005_alert -->
        <test-method status="PASS" signature="afterMethod(org.testng.ITestResult)[pri:0, instance:com.selenium.tests.AlertHandle@7403c468]" name="afterMethod" is-config="true" duration-ms="1187" started-at="2017-07-07T07:57:40Z" finished-at="2017-07-07T07:57:41Z">
          <params>
            <param index="0">
              <value>
                <![CDATA[[TestResult name=test005_alert status=SUCCESS method=AlertHandle.test005_alert()[pri:0, instance:com.selenium.tests.AlertHandle@7403c468] output={null}]]]>
              </value>
            </param>
          </params>
          <reporter-output>
          </reporter-output>
        </test-method> <!-- afterMethod -->
      </class> <!-- com.selenium.tests.AlertHandle -->
    </test> <!-- Test -->
  </suite> <!-- Suite -->
</testng-results>
